2017-07-01 10:38:10.2471|INFO|Microsoft.AspNetCore.Hosting.Internal.WebHost|Request starting HTTP/1.1 GET http://localhost:50437/  
2017-07-01 10:38:10.2471|INFO|Microsoft.AspNetCore.Hosting.Internal.WebHost|Request starting HTTP/1.1 DEBUG http://localhost:50437/  0
2017-07-01 10:38:10.2471|INFO|Microsoft.AspNetCore.Hosting.Internal.WebHost|Request starting HTTP/1.1 DELETE http://localhost:50437/api/cities/1/pointsofinterest/2  0
2017-07-01 10:38:10.6791|INFO|Microsoft.AspNetCore.Hosting.Internal.WebHost|Request finished in 454.8896ms 200 
2017-07-01 10:38:10.8391|INFO|Microsoft.AspNetCore.Hosting.Internal.WebHost|Request finished in 642.5929ms 200 
2017-07-01 10:38:10.8536|INFO|Microsoft.AspNetCore.Hosting.Internal.WebHost|Request starting HTTP/1.1 GET http://localhost:50437/favicon.ico  
2017-07-01 10:38:10.8536|INFO|Microsoft.AspNetCore.Hosting.Internal.WebHost|Request finished in 9.6675ms 200 
2017-07-01 10:38:11.0827|INFO|Microsoft.AspNetCore.Mvc.Internal.ControllerActionInvoker|Executing action method CityInfo.API.Controllers.PointsOfInterestController.DeletePointOfInterest (CityInfo.API) with arguments (1, 2) - ModelState is Valid
2017-07-01 10:38:11.1077|INFO|Microsoft.AspNetCore.Mvc.StatusCodeResult|Executing HttpStatusCodeResult, setting HTTP status code 204
2017-07-01 10:38:11.1223|INFO|Microsoft.AspNetCore.Mvc.Internal.ControllerActionInvoker|Executed action CityInfo.API.Controllers.PointsOfInterestController.DeletePointOfInterest (CityInfo.API) in 175.227ms
2017-07-01 10:38:11.1303|INFO|Microsoft.AspNetCore.Hosting.Internal.WebHost|Request finished in 939.3094ms 204 
2017-07-01 11:06:11.0888|INFO|Microsoft.AspNetCore.Hosting.Internal.WebHost|Request starting HTTP/1.1 GET http://localhost:50437/  
2017-07-01 11:06:11.0888|INFO|Microsoft.AspNetCore.Hosting.Internal.WebHost|Request starting HTTP/1.1 DELETE http://localhost:50437/api/cities/1/pointsofinterest/2  0
2017-07-01 11:06:11.0888|INFO|Microsoft.AspNetCore.Hosting.Internal.WebHost|Request starting HTTP/1.1 DEBUG http://localhost:50437/  0
2017-07-01 11:06:11.3660|INFO|Microsoft.AspNetCore.Hosting.Internal.WebHost|Request finished in 345.8959ms 200 
2017-07-01 11:06:11.5144|INFO|Microsoft.AspNetCore.Hosting.Internal.WebHost|Request finished in 495.0378ms 200 
2017-07-01 11:06:11.5274|INFO|Microsoft.AspNetCore.Hosting.Internal.WebHost|Request starting HTTP/1.1 GET http://localhost:50437/favicon.ico  
2017-07-01 11:06:11.5274|INFO|Microsoft.AspNetCore.Hosting.Internal.WebHost|Request finished in 12.5428ms 200 
2017-07-01 11:06:11.7630|INFO|Microsoft.AspNetCore.Mvc.Internal.ControllerActionInvoker|Executing action method CityInfo.API.Controllers.PointsOfInterestController.DeletePointOfInterest (CityInfo.API) with arguments (1, 2) - ModelState is Valid
2017-07-01 11:06:11.7841|INFO|Microsoft.AspNetCore.Mvc.StatusCodeResult|Executing HttpStatusCodeResult, setting HTTP status code 204
2017-07-01 11:06:11.7976|INFO|Microsoft.AspNetCore.Mvc.Internal.ControllerActionInvoker|Executed action CityInfo.API.Controllers.PointsOfInterestController.DeletePointOfInterest (CityInfo.API) in 170.1728ms
2017-07-01 11:06:11.7976|INFO|Microsoft.AspNetCore.Hosting.Internal.WebHost|Request finished in 793.1847ms 204 
2017-07-01 11:07:19.2619|INFO|Microsoft.AspNetCore.Hosting.Internal.WebHost|Request starting HTTP/1.1 DEBUG http://localhost:50437/  0
2017-07-01 11:07:19.2619|INFO|Microsoft.AspNetCore.Hosting.Internal.WebHost|Request starting HTTP/1.1 DELETE http://localhost:50437/api/cities/1/pointsofinterest/2  0
2017-07-01 11:07:19.2619|INFO|Microsoft.AspNetCore.Hosting.Internal.WebHost|Request starting HTTP/1.1 GET http://localhost:50437/  
2017-07-01 11:07:19.5381|INFO|Microsoft.AspNetCore.Hosting.Internal.WebHost|Request finished in 322.2807ms 200 
2017-07-01 11:07:19.6764|INFO|Microsoft.AspNetCore.Hosting.Internal.WebHost|Request finished in 484.0903ms 200 
2017-07-01 11:07:19.6910|INFO|Microsoft.AspNetCore.Hosting.Internal.WebHost|Request starting HTTP/1.1 GET http://localhost:50437/favicon.ico  
2017-07-01 11:07:19.7095|INFO|Microsoft.AspNetCore.Hosting.Internal.WebHost|Request finished in 18.6566ms 200 
2017-07-01 11:07:19.9636|INFO|Microsoft.AspNetCore.Mvc.Internal.ControllerActionInvoker|Executing action method CityInfo.API.Controllers.PointsOfInterestController.DeletePointOfInterest (CityInfo.API) with arguments (1, 2) - ModelState is Valid
2017-07-01 11:07:19.9897|INFO|Microsoft.AspNetCore.Mvc.StatusCodeResult|Executing HttpStatusCodeResult, setting HTTP status code 204
2017-07-01 11:07:20.0037|INFO|Microsoft.AspNetCore.Mvc.Internal.ControllerActionInvoker|Executed action CityInfo.API.Controllers.PointsOfInterestController.DeletePointOfInterest (CityInfo.API) in 188.9194ms
2017-07-01 11:07:20.0133|INFO|Microsoft.AspNetCore.Hosting.Internal.WebHost|Request finished in 823.9774ms 204 
2017-07-01 11:08:00.2113|INFO|Microsoft.AspNetCore.Hosting.Internal.WebHost|Request starting HTTP/1.1 DEBUG http://localhost:50437/  0
2017-07-01 11:08:00.2113|INFO|Microsoft.AspNetCore.Hosting.Internal.WebHost|Request starting HTTP/1.1 GET http://localhost:50437/  
2017-07-01 11:08:00.2143|INFO|Microsoft.AspNetCore.Hosting.Internal.WebHost|Request starting HTTP/1.1 DELETE http://localhost:50437/api/cities/1/pointsofinterest/2  0
2017-07-01 11:08:00.4686|INFO|Microsoft.AspNetCore.Hosting.Internal.WebHost|Request finished in 317.1658ms 200 
2017-07-01 11:08:00.5948|INFO|Microsoft.AspNetCore.Hosting.Internal.WebHost|Request finished in 455.2804ms 200 
2017-07-01 11:08:00.6148|INFO|Microsoft.AspNetCore.Hosting.Internal.WebHost|Request starting HTTP/1.1 GET http://localhost:50437/favicon.ico  
2017-07-01 11:08:00.6218|INFO|Microsoft.AspNetCore.Hosting.Internal.WebHost|Request finished in 7.0604ms 200 
2017-07-01 11:08:00.8511|INFO|Microsoft.AspNetCore.Mvc.Internal.ControllerActionInvoker|Executing action method CityInfo.API.Controllers.PointsOfInterestController.DeletePointOfInterest (CityInfo.API) with arguments (1, 2) - ModelState is Valid
2017-07-01 11:08:00.8731|INFO|Microsoft.AspNetCore.Mvc.StatusCodeResult|Executing HttpStatusCodeResult, setting HTTP status code 204
2017-07-01 11:08:00.8872|INFO|Microsoft.AspNetCore.Mvc.Internal.ControllerActionInvoker|Executed action CityInfo.API.Controllers.PointsOfInterestController.DeletePointOfInterest (CityInfo.API) in 170.6271ms
2017-07-01 11:08:00.8872|INFO|Microsoft.AspNetCore.Hosting.Internal.WebHost|Request finished in 757.2581ms 204 
2017-07-01 11:08:27.9796|INFO|Microsoft.AspNetCore.Hosting.Internal.WebHost|Request starting HTTP/1.1 DELETE http://localhost:50437/api/cities/1/pointsofinterest/2  0
2017-07-01 11:08:27.9796|INFO|Microsoft.AspNetCore.Hosting.Internal.WebHost|Request starting HTTP/1.1 GET http://localhost:50437/  
2017-07-01 11:08:27.9786|INFO|Microsoft.AspNetCore.Hosting.Internal.WebHost|Request starting HTTP/1.1 DEBUG http://localhost:50437/  0
2017-07-01 11:08:28.3330|INFO|Microsoft.AspNetCore.Hosting.Internal.WebHost|Request finished in 419.3646ms 200 
2017-07-01 11:08:28.4341|INFO|Microsoft.AspNetCore.Hosting.Internal.WebHost|Request finished in 525.2288ms 200 
2017-07-01 11:08:28.4491|INFO|Microsoft.AspNetCore.Hosting.Internal.WebHost|Request starting HTTP/1.1 GET http://localhost:50437/favicon.ico  
2017-07-01 11:08:28.4491|INFO|Microsoft.AspNetCore.Hosting.Internal.WebHost|Request finished in 14.015ms 200 
2017-07-01 11:08:28.6874|INFO|Microsoft.AspNetCore.Mvc.Internal.ControllerActionInvoker|Executing action method CityInfo.API.Controllers.PointsOfInterestController.DeletePointOfInterest (CityInfo.API) with arguments (1, 2) - ModelState is Valid
2017-07-01 11:08:28.7105|INFO|Microsoft.AspNetCore.Mvc.StatusCodeResult|Executing HttpStatusCodeResult, setting HTTP status code 204
2017-07-01 11:08:28.7245|INFO|Microsoft.AspNetCore.Mvc.Internal.ControllerActionInvoker|Executed action CityInfo.API.Controllers.PointsOfInterestController.DeletePointOfInterest (CityInfo.API) in 170.6542ms
2017-07-01 11:08:28.7355|INFO|Microsoft.AspNetCore.Hosting.Internal.WebHost|Request finished in 828.9127ms 204 
2017-07-01 11:09:57.2780|INFO|Microsoft.AspNetCore.Hosting.Internal.WebHost|Request starting HTTP/1.1 DEBUG http://localhost:50437/  0
2017-07-01 11:09:57.2780|INFO|Microsoft.AspNetCore.Hosting.Internal.WebHost|Request starting HTTP/1.1 DELETE http://localhost:50437/api/cities/1/pointsofinterest/2  0
2017-07-01 11:09:57.2780|INFO|Microsoft.AspNetCore.Hosting.Internal.WebHost|Request starting HTTP/1.1 GET http://localhost:50437/  
2017-07-01 11:09:57.5053|INFO|Microsoft.AspNetCore.Hosting.Internal.WebHost|Request finished in 285.8899ms 200 
2017-07-01 11:09:57.6485|INFO|Microsoft.AspNetCore.Hosting.Internal.WebHost|Request finished in 436.0186ms 200 
2017-07-01 11:09:57.6675|INFO|Microsoft.AspNetCore.Hosting.Internal.WebHost|Request starting HTTP/1.1 GET http://localhost:50437/favicon.ico  
2017-07-01 11:09:57.6675|INFO|Microsoft.AspNetCore.Hosting.Internal.WebHost|Request finished in 10.4709ms 200 
2017-07-01 11:09:57.8788|INFO|Microsoft.AspNetCore.Mvc.Internal.ControllerActionInvoker|Executing action method CityInfo.API.Controllers.PointsOfInterestController.DeletePointOfInterest (CityInfo.API) with arguments (1, 2) - ModelState is Valid
2017-07-01 11:09:57.8988|INFO|Microsoft.AspNetCore.Mvc.StatusCodeResult|Executing HttpStatusCodeResult, setting HTTP status code 204
2017-07-01 11:09:57.9108|INFO|Microsoft.AspNetCore.Mvc.Internal.ControllerActionInvoker|Executed action CityInfo.API.Controllers.PointsOfInterestController.DeletePointOfInterest (CityInfo.API) in 155.043ms
2017-07-01 11:09:57.9218|INFO|Microsoft.AspNetCore.Hosting.Internal.WebHost|Request finished in 710.7534ms 204 
2017-07-01 11:11:17.4651|INFO|Microsoft.AspNetCore.Hosting.Internal.WebHost|Request starting HTTP/1.1 GET http://localhost:50437/  
2017-07-01 11:11:17.4651|INFO|Microsoft.AspNetCore.Hosting.Internal.WebHost|Request starting HTTP/1.1 DEBUG http://localhost:50437/  0
2017-07-01 11:11:17.7495|INFO|Microsoft.AspNetCore.Hosting.Internal.WebHost|Request finished in 348.1243ms 200 
2017-07-01 11:11:17.8826|INFO|Microsoft.AspNetCore.Hosting.Internal.WebHost|Request finished in 486.5094ms 200 
2017-07-01 11:11:17.9037|INFO|Microsoft.AspNetCore.Hosting.Internal.WebHost|Request starting HTTP/1.1 GET http://localhost:50437/favicon.ico  
2017-07-01 11:11:17.9037|INFO|Microsoft.AspNetCore.Hosting.Internal.WebHost|Request finished in 11.1229ms 200 
2017-07-01 11:11:19.4100|INFO|Microsoft.AspNetCore.Hosting.Internal.WebHost|Request starting HTTP/1.1 DELETE http://localhost:50437/api/cities/1/pointsofinterest/2  0
2017-07-01 11:11:19.6453|INFO|Microsoft.AspNetCore.Mvc.Internal.ControllerActionInvoker|Executing action method CityInfo.API.Controllers.PointsOfInterestController.DeletePointOfInterest (CityInfo.API) with arguments (1, 2) - ModelState is Valid
2017-07-01 11:11:19.6663|INFO|Microsoft.AspNetCore.Mvc.StatusCodeResult|Executing HttpStatusCodeResult, setting HTTP status code 204
2017-07-01 11:11:19.6793|INFO|Microsoft.AspNetCore.Mvc.Internal.ControllerActionInvoker|Executed action CityInfo.API.Controllers.PointsOfInterestController.DeletePointOfInterest (CityInfo.API) in 159.3946ms
2017-07-01 11:11:19.6883|INFO|Microsoft.AspNetCore.Hosting.Internal.WebHost|Request finished in 278.7298ms 204 
